<?xml version="1.0" encoding="UTF-8"?>
<testng-results ignored="0" total="4" passed="4" failed="0" skipped="0">
  <reporter-output>
  </reporter-output>
  <suite started-at="2026-05-11T11:38:41 IST" name="PetSuite" finished-at="2026-05-11T11:38:51 IST" duration-ms="10761">
    <groups>
    </groups>
    <test started-at="2026-05-11T11:38:41 IST" name="PetTest" finished-at="2026-05-11T11:38:51 IST" duration-ms="10761">
      <class name="api.test.UserTests2">
        <test-method is-config="true" signature="SetupDate()[pri:0, instance:api.test.UserTests2@5bf0d49]" started-at="2026-05-11T11:38:41 IST" name="SetupDate" finished-at="2026-05-11T11:38:42 IST" duration-ms="1023" status="PASS">
          <reporter-output>
          </reporter-output>
        </test-method> <!-- SetupDate -->
        <test-method signature="testPostUser()[pri:1, instance:api.test.UserTests2@5bf0d49]" started-at="2026-05-11T11:38:42 IST" name="testPostUser" finished-at="2026-05-11T11:38:46 IST" duration-ms="3459" status="PASS">
          <reporter-output>
          </reporter-output>
        </test-method> <!-- testPostUser -->
        <test-method signature="getTestuserByName()[pri:2, instance:api.test.UserTests2@5bf0d49]" started-at="2026-05-11T11:38:46 IST" name="getTestuserByName" finished-at="2026-05-11T11:38:47 IST" duration-ms="1395" status="PASS">
          <reporter-output>
          </reporter-output>
        </test-method> <!-- getTestuserByName -->
        <test-method signature="testUpdateuserByName()[pri:3, instance:api.test.UserTests2@5bf0d49]" started-at="2026-05-11T11:38:47 IST" name="testUpdateuserByName" finished-at="2026-05-11T11:38:50 IST" duration-ms="2896" status="PASS">
          <reporter-output>
          </reporter-output>
        </test-method> <!-- testUpdateuserByName -->
        <test-method signature="testDeleteUserByName()[pri:4, instance:api.test.UserTests2@5bf0d49]" started-at="2026-05-11T11:38:50 IST" name="testDeleteUserByName" finished-at="2026-05-11T11:38:51 IST" duration-ms="1465" status="PASS">
          <reporter-output>
          </reporter-output>
        </test-method> <!-- testDeleteUserByName -->
      </class> <!-- api.test.UserTests2 -->
    </test> <!-- PetTest -->
  </suite> <!-- PetSuite -->
</testng-results>
