<?xml version="1.0" encoding="UTF-8"?>
<!-- Generated by org.testng.reporters.JUnitReportReporter -->
<testsuite hostname="DESKTOP-9LSAFH3" failures="0" tests="6" name="api.test.DDTests" time="10.157" errors="0" timestamp="2026-05-08T11:46:51 IST" skipped="0">
  <testcase classname="api.test.DDTests" name="testPostUser" time="1.387"/>
  <testcase classname="api.test.DDTests" name="testPostUser" time="1.393"/>
  <testcase classname="api.test.DDTests" name="testPostUser" time="3.138"/>
  <testcase classname="api.test.DDTests" name="testDeleteUserByName" time="1.433"/>
  <testcase classname="api.test.DDTests" name="testDeleteUserByName" time="1.370"/>
  <testcase classname="api.test.DDTests" name="testDeleteUserByName" time="1.436"/>
</testsuite> <!-- api.test.DDTests -->
