<?xml version="1.0" encoding="UTF-8"?>
<!-- Generated by org.testng.reporters.JUnitReportReporter -->
<testsuite hostname="DESKTOP-9LSAFH3" failures="0" tests="4" name="api.test.UserTests2" time="9.215" errors="0" timestamp="2026-05-11T11:38:52 IST" skipped="0">
  <testcase classname="api.test.UserTests2" name="testPostUser" time="3.459"/>
  <testcase classname="api.test.UserTests2" name="getTestuserByName" time="1.395"/>
  <testcase classname="api.test.UserTests2" name="testUpdateuserByName" time="2.896"/>
  <testcase classname="api.test.UserTests2" name="testDeleteUserByName" time="1.465"/>
</testsuite> <!-- api.test.UserTests2 -->
