<?xml version="1.0" encoding="UTF-8"?>
<!-- Generated by org.testng.reporters.JUnitReportReporter -->
<testsuite hostname="DESKTOP-9LSAFH3" failures="0" tests="4" name="api.test.UserTests" time="9.828" errors="0" timestamp="2026-05-08T17:16:28 IST" skipped="0">
  <testcase classname="api.test.UserTests" name="testPostUser" time="3.663"/>
  <testcase classname="api.test.UserTests" name="getTestuserByName" time="1.458"/>
  <testcase classname="api.test.UserTests" name="testUpdateuserByName" time="3.200"/>
  <testcase classname="api.test.UserTests" name="testDeleteUserByName" time="1.507"/>
</testsuite> <!-- api.test.UserTests -->
